<?xml version="1.0"?>

<valgrindoutput>

<protocolversion>4</protocolversion>
<protocoltool>memcheck</protocoltool>

<preamble>
  <line>Memcheck, a memory error detector</line>
  <line>Copyright (C) 2002-2017, and GNU GPL'd, by Julian Seward et al.</line>
  <line>Using Valgrind-3.18.1 and LibVEX; rerun with -h for copyright info</line>
  <line>Command: c/bin/maps</line>
</preamble>

<pid>100248</pid>
<ppid>100240</ppid>
<tool>memcheck</tool>

<args>
  <vargv>
    <exe>/usr/bin/valgrind.bin</exe>
    <arg>--tool=memcheck</arg>
    <arg>--leak-check=full</arg>
    <arg>--show-leak-kinds=all</arg>
    <arg>--track-origins=yes</arg>
    <arg>--error-exitcode=1</arg>
    <arg>--xml=yes</arg>
    <arg>--xml-file=c/memcheck/XMLmain_prog.log</arg>
  </vargv>
  <argv>
    <exe>c/bin/maps</exe>
  </argv>
</args>

<status>
  <state>RUNNING</state>
  <time>00:00:00:00.088 </time>
</status>


<status>
  <state>FINISHED</state>
  <time>00:00:00:33.373 </time>
</status>

<errorcounts>
</errorcounts>

<suppcounts>
</suppcounts>

</valgrindoutput>

